<?xml version="1.0" encoding="UTF-8"?>
<!-- Generated by org.testng.reporters.JUnitReportReporter -->
<testsuite hostname="IN-PF2S6R2Z" failures="0" tests="1" name="FilterSelectionTest" time="108.379" errors="0" timestamp="2023-11-24T13:49:10 IST" skipped="0">
  <testcase classname="FilterSelectionTest" name="initialization" time="108.379"/>
  <system-out/>
</testsuite> <!-- FilterSelectionTest -->
